<?xml version="1.0" encoding="UTF-8"?>
<testng-results skipped="0" failed="0" ignored="0" total="1" passed="1">
  <reporter-output>
  </reporter-output>
  <suite name="Default suite" duration-ms="30399" started-at="2020-07-31T12:38:18Z" finished-at="2020-07-31T12:38:49Z">
    <groups>
    </groups>
    <test name="Default test" duration-ms="30399" started-at="2020-07-31T12:38:18Z" finished-at="2020-07-31T12:38:49Z">
      <class name="testcases.Myntra">
        <test-method status="PASS" signature="womenCoatAndJackets()[pri:0, instance:testcases.Myntra@13deb50e]" name="womenCoatAndJackets" duration-ms="30282" started-at="2020-07-31T12:38:18Z" finished-at="2020-07-31T12:38:48Z">
          <reporter-output>
          </reporter-output>
        </test-method> <!-- womenCoatAndJackets -->
      </class> <!-- testcases.Myntra -->
    </test> <!-- Default test -->
  </suite> <!-- Default suite -->
</testng-results>
